2020-12-13 21:14:28.948  INFO 75869 --- [main] com.example.demo.SareetaApplication      : Starting SareetaApplication on slc106424 with PID 75869 (/Users/ahayes/Sites/JDND/projects/application/starter_code/target/classes started by ahayes in /Users/ahayes/Sites/JDND/projects/application/starter_code)
2020-12-13 21:14:28.950  INFO 75869 --- [main] com.example.demo.SareetaApplication      : No active profile set, falling back to default profiles: default
2020-12-13 21:14:29.398  INFO 75869 --- [main] .s.d.r.c.RepositoryConfigurationDelegate : Bootstrapping Spring Data repositories in DEFAULT mode.
2020-12-13 21:14:29.463  INFO 75869 --- [main] .s.d.r.c.RepositoryConfigurationDelegate : Finished Spring Data repository scanning in 57ms. Found 4 repository interfaces.
2020-12-13 21:14:29.873  INFO 75869 --- [main] trationDelegate$BeanPostProcessorChecker : Bean 'org.springframework.transaction.annotation.ProxyTransactionManagementConfiguration' of type [org.springframework.transaction.annotation.ProxyTransactionManagementConfiguration$$EnhancerBySpringCGLIB$$6502543d] is not eligible for getting processed by all BeanPostProcessors (for example: not eligible for auto-proxying)
2020-12-13 21:14:30.051  INFO 75869 --- [main] o.s.b.w.embedded.tomcat.TomcatWebServer  : Tomcat initialized with port(s): 8080 (http)
2020-12-13 21:14:30.071  INFO 75869 --- [main] o.apache.catalina.core.StandardService   : Starting service [Tomcat]
2020-12-13 21:14:30.071  INFO 75869 --- [main] org.apache.catalina.core.StandardEngine  : Starting Servlet engine: [Apache Tomcat/9.0.19]
2020-12-13 21:14:30.171  INFO 75869 --- [main] o.a.c.c.C.[Tomcat].[localhost].[/]       : Initializing Spring embedded WebApplicationContext
2020-12-13 21:14:30.172  INFO 75869 --- [main] o.s.web.context.ContextLoader            : Root WebApplicationContext: initialization completed in 1188 ms
2020-12-13 21:14:30.309  INFO 75869 --- [main] com.zaxxer.hikari.HikariDataSource       : HikariPool-1 - Starting...
2020-12-13 21:14:30.380  INFO 75869 --- [main] com.zaxxer.hikari.HikariDataSource       : HikariPool-1 - Start completed.
2020-12-13 21:14:30.414  INFO 75869 --- [main] o.hibernate.jpa.internal.util.LogHelper  : HHH000204: Processing PersistenceUnitInfo [
	name: default
	...]
2020-12-13 21:14:30.459  INFO 75869 --- [main] org.hibernate.Version                    : HHH000412: Hibernate Core {5.3.10.Final}
2020-12-13 21:14:30.460  INFO 75869 --- [main] org.hibernate.cfg.Environment            : HHH000206: hibernate.properties not found
2020-12-13 21:14:30.552  INFO 75869 --- [main] o.hibernate.annotations.common.Version   : HCANN000001: Hibernate Commons Annotations {5.0.4.Final}
2020-12-13 21:14:30.648  INFO 75869 --- [main] org.hibernate.dialect.Dialect            : HHH000400: Using dialect: org.hibernate.dialect.H2Dialect
2020-12-13 21:14:31.151  INFO 75869 --- [main] j.LocalContainerEntityManagerFactoryBean : Initialized JPA EntityManagerFactory for persistence unit 'default'
2020-12-13 21:14:31.550  WARN 75869 --- [main] aWebConfiguration$JpaWebMvcConfiguration : spring.jpa.open-in-view is enabled by default. Therefore, database queries may be performed during view rendering. Explicitly configure spring.jpa.open-in-view to disable this warning
2020-12-13 21:14:31.599  INFO 75869 --- [main] o.s.s.web.DefaultSecurityFilterChain     : Creating filter chain: any request, [org.springframework.security.web.context.request.async.WebAsyncManagerIntegrationFilter@7c5d36c3, org.springframework.security.web.context.SecurityContextPersistenceFilter@77cf329d, org.springframework.security.web.header.HeaderWriterFilter@35260785, org.springframework.web.filter.CorsFilter@31de27c, org.springframework.security.web.authentication.logout.LogoutFilter@4ec37a42, com.example.demo.security.JWTAuthenticationFilter@7ebfe01a, com.example.demo.security.JWTAuthenticationVerficationFilter@154b0748, org.springframework.security.web.savedrequest.RequestCacheAwareFilter@3b64f131, org.springframework.security.web.servletapi.SecurityContextHolderAwareRequestFilter@67c2b55d, org.springframework.security.web.authentication.AnonymousAuthenticationFilter@35c00c, org.springframework.security.web.session.SessionManagementFilter@39685204, org.springframework.security.web.access.ExceptionTranslationFilter@5de243bb, org.springframework.security.web.access.intercept.FilterSecurityInterceptor@2f39b534]
2020-12-13 21:14:31.686  INFO 75869 --- [main] o.s.s.concurrent.ThreadPoolTaskExecutor  : Initializing ExecutorService 'applicationTaskExecutor'
2020-12-13 21:14:31.809  INFO 75869 --- [main] o.s.b.w.embedded.tomcat.TomcatWebServer  : Tomcat started on port(s): 8080 (http) with context path ''
2020-12-13 21:14:31.812  INFO 75869 --- [main] com.example.demo.SareetaApplication      : Started SareetaApplication in 3.095 seconds (JVM running for 3.507)
2020-12-13 21:14:41.977  INFO 75869 --- [http-nio-8080-exec-2] o.a.c.c.C.[Tomcat].[localhost].[/]       : Initializing Spring DispatcherServlet 'dispatcherServlet'
2020-12-13 21:14:41.978  INFO 75869 --- [http-nio-8080-exec-2] o.s.web.servlet.DispatcherServlet        : Initializing Servlet 'dispatcherServlet'
2020-12-13 21:14:41.986  INFO 75869 --- [http-nio-8080-exec-2] o.s.web.servlet.DispatcherServlet        : Completed initialization in 7 ms
2020-12-13 21:14:42.207  INFO 75869 --- [http-nio-8080-exec-2] c.e.demo.controllers.UserController      : user: Andy created successfully
2020-12-13 21:14:49.084  WARN 75869 --- [http-nio-8080-exec-3] c.e.demo.controllers.UserController      : password must be 8 characters or more
2020-12-13 21:15:01.771  INFO 75869 --- [http-nio-8080-exec-5] o.h.h.i.QueryTranslatorFactoryInitiator  : HHH000397: Using ASTQueryTranslatorFactory
2020-12-13 21:17:50.629  WARN 75869 --- [http-nio-8080-exec-3] c.e.demo.controllers.UserController      : user not found
2020-12-13 21:17:58.274  INFO 75869 --- [http-nio-8080-exec-4] c.e.demo.controllers.UserController      : order was created successfully for user: Andy
